<?xml version="1.0" encoding="UTF-8"?>
<!-- Generated by org.testng.reporters.JUnitXMLReporter -->
<testsuite ignored="0" hostname="EN911212" failures="0" tests="10" name="Regression" time="6.032" errors="0" timestamp="2021-09-03T01:06:16 COT">
  <testcase classname="tests.Authentication" name="CreatingGuestSession" time="2.687"/>
  <testcase classname="tests.Authentication" name="creatingRequestToken" time="0.198"/>
  <testcase classname="tests.Authentication" name="creatingSessionLoginIn" time="0.345"/>
  <testcase classname="tests.Authentication" name="creatingSession" time="0.211"/>
  <testcase classname="tests.Authentication" name="deletingExistingSession" time="0.257"/>
  <testcase classname="tests.Lists" name="addingMovieToList" time="0.461"/>
  <testcase classname="tests.Lists" name="clearingMoviesFromList" time="0.201"/>
  <testcase classname="tests.Lists" name="creatingListOfMovies" time="0.326"/>
  <testcase classname="tests.Lists" name="deletingListWithID" time="0.246"/>
  <testcase classname="tests.Lists" name="obtainingListDetail" time="0.198"/>
</testsuite> <!-- Regression -->
