<?xml version="1.0" encoding="UTF-8"?>
<!-- Generated by org.testng.reporters.JUnitXMLReporter -->
<testsuite ignored="0" hostname="EN911212" failures="0" tests="13" name="Regression" time="8.075" errors="0" timestamp="2021-09-03T02:16:01 COT">
  <testcase classname="tests.Authentication" name="creatingGuestSession" time="2.596"/>
  <testcase classname="tests.Authentication" name="creatingRequestToken" time="0.254"/>
  <testcase classname="tests.Authentication" name="creatingSessionLoginIn" time="0.335"/>
  <testcase classname="tests.Authentication" name="creatingSession" time="0.279"/>
  <testcase classname="tests.Authentication" name="deletingExistingSession" time="0.291"/>
  <testcase classname="tests.Lists" name="addingMovieToList" time="0.541"/>
  <testcase classname="tests.Lists" name="clearingMoviesFromList" time="0.223"/>
  <testcase classname="tests.Lists" name="creatingListOfMovies" time="0.26"/>
  <testcase classname="tests.Lists" name="deletingListWithID" time="0.2"/>
  <testcase classname="tests.Lists" name="obtainingListDetail" time="0.209"/>
  <testcase classname="tests.Movies" name="obtainingPeopleDetail" time="0.105"/>
  <testcase classname="tests.Movies" name="ratingAMovie" time="0.259"/>
  <testcase classname="tests.People" name="obtainingPeopleDetail" time="0.116"/>
</testsuite> <!-- Regression -->
