<?xml version="1.0" encoding="UTF-8"?>
<!-- Generated by org.testng.reporters.JUnitXMLReporter -->
<testsuite ignored="0" hostname="EN911212" failures="0" tests="5" name="Command line test" time="2.359" errors="0" timestamp="2021-08-30T11:44:51 COT">
  <testcase classname="TestingGet" name="getAlternativeTitles" time="1.938"/>
  <testcase classname="TestingGet" name="getCreditsMovie" time="0.115"/>
  <testcase classname="TestingGet" name="getCreditsTV" time="0.086"/>
  <testcase classname="TestingGet" name="getEpisodeGroupsTV" time="0.094"/>
  <testcase classname="TestingGet" name="getPeopleDetail" time="0.087"/>
</testsuite> <!-- Command line test -->
