<?xml version="1.0" encoding="UTF-8"?>
<testng-results ignored="0" total="5" passed="5" failed="0" skipped="0">
  <reporter-output>
  </reporter-output>
  <suite started-at="2021-08-30T11:44:49 COT" name="TestingGet" finished-at="2021-08-30T11:44:51 COT" duration-ms="2359">
    <groups>
    </groups>
    <test started-at="2021-08-30T11:44:49 COT" name="Command line test" finished-at="2021-08-30T11:44:51 COT" duration-ms="2359">
      <class name="TestingGet">
        <test-method signature="getAlternativeTitles()[pri:0, instance:TestingGet@333d4a8c]" started-at="2021-08-30T11:44:49 COT" name="getAlternativeTitles" finished-at="2021-08-30T11:44:51 COT" duration-ms="1938" status="PASS">
          <reporter-output>
          </reporter-output>
        </test-method> <!-- getAlternativeTitles -->
        <test-method signature="getCreditsMovie()[pri:0, instance:TestingGet@333d4a8c]" started-at="2021-08-30T11:44:51 COT" name="getCreditsMovie" finished-at="2021-08-30T11:44:51 COT" duration-ms="115" status="PASS">
          <reporter-output>
          </reporter-output>
        </test-method> <!-- getCreditsMovie -->
        <test-method signature="getCreditsTV()[pri:0, instance:TestingGet@333d4a8c]" started-at="2021-08-30T11:44:51 COT" name="getCreditsTV" finished-at="2021-08-30T11:44:51 COT" duration-ms="86" status="PASS">
          <reporter-output>
          </reporter-output>
        </test-method> <!-- getCreditsTV -->
        <test-method signature="getEpisodeGroupsTV()[pri:0, instance:TestingGet@333d4a8c]" started-at="2021-08-30T11:44:51 COT" name="getEpisodeGroupsTV" finished-at="2021-08-30T11:44:51 COT" duration-ms="94" status="PASS">
          <reporter-output>
          </reporter-output>
        </test-method> <!-- getEpisodeGroupsTV -->
        <test-method signature="getPeopleDetail()[pri:0, instance:TestingGet@333d4a8c]" started-at="2021-08-30T11:44:51 COT" name="getPeopleDetail" finished-at="2021-08-30T11:44:51 COT" duration-ms="87" status="PASS">
          <reporter-output>
          </reporter-output>
        </test-method> <!-- getPeopleDetail -->
      </class> <!-- TestingGet -->
    </test> <!-- Command line test -->
  </suite> <!-- TestingGet -->
</testng-results>
