<?xml version="1.0" encoding="UTF-8"?>
<testsuite xmlns:xsi="http://www.w3.org/2001/XMLSchema-instance" xsi:noNamespaceSchemaLocation="https://maven.apache.org/surefire/maven-surefire-plugin/xsd/surefire-test-report-3.0.xsd" version="3.0" name="TestSuite" time="9.089" tests="13" errors="0" skipped="0" failures="0">
  <properties>
[...]
</properties>
  <testcase name="creatingGuestSession" classname="tests.Authentication" time="2.596">
    <system-err><![CDATA[SLF4J: Failed to load class "org.slf4j.impl.StaticLoggerBinder".
SLF4J: Defaulting to no-operation (NOP) logger implementation
SLF4J: See http://www.slf4j.org/codes.html#StaticLoggerBinder for further details.
]]></system-err>
  </testcase>
  <testcase name="creatingRequestToken" classname="tests.Authentication" time="0.254"/>
  <testcase name="creatingSessionLoginIn" classname="tests.Authentication" time="0.335"/>
  <testcase name="creatingSession" classname="tests.Authentication" time="0.278"/>
  <testcase name="deletingExistingSession" classname="tests.Authentication" time="0.292"/>
  <testcase name="addingMovieToList" classname="tests.Lists" time="0.542"/>
  <testcase name="clearingMoviesFromList" classname="tests.Lists" time="0.222"/>
  <testcase name="creatingListOfMovies" classname="tests.Lists" time="0.261"/>
  <testcase name="deletingListWithID" classname="tests.Lists" time="0.199"/>
  <testcase name="obtainingListDetail" classname="tests.Lists" time="0.209"/>
  <testcase name="obtainingPeopleDetail" classname="tests.Movies" time="0.104"/>
  <testcase name="ratingAMovie" classname="tests.Movies" time="0.259"/>
  <testcase name="obtainingPeopleDetail" classname="tests.People" time="0.122"/>
</testsuite>