<?xml version="1.0" encoding="UTF-8"?>
<testng-results ignored="0" total="10" passed="10" failed="0" skipped="0">
  <reporter-output>
  </reporter-output>
  <suite started-at="2021-09-03T01:06:10 COT" name="The Movie DB" finished-at="2021-09-03T01:06:16 COT" duration-ms="6032">
    <groups>
    </groups>
    <test started-at="2021-09-03T01:06:10 COT" name="Regression" finished-at="2021-09-03T01:06:16 COT" duration-ms="6032">
      <class name="tests.Authentication">
        <test-method is-config="true" signature="preparingCredentials()[pri:0, instance:tests.Authentication@58d75e99]" started-at="2021-09-03T01:06:10 COT" name="preparingCredentials" finished-at="2021-09-03T01:06:10 COT" duration-ms="17" status="PASS">
          <reporter-output>
          </reporter-output>
        </test-method> <!-- preparingCredentials -->
        <test-method signature="CreatingGuestSession()[pri:0, instance:tests.Authentication@58d75e99]" started-at="2021-09-03T01:06:10 COT" name="CreatingGuestSession" finished-at="2021-09-03T01:06:13 COT" duration-ms="2687" status="PASS">
          <reporter-output>
          </reporter-output>
        </test-method> <!-- CreatingGuestSession -->
        <test-method signature="creatingRequestToken()[pri:1, instance:tests.Authentication@58d75e99]" started-at="2021-09-03T01:06:13 COT" name="creatingRequestToken" finished-at="2021-09-03T01:06:13 COT" duration-ms="198" status="PASS">
          <reporter-output>
          </reporter-output>
        </test-method> <!-- creatingRequestToken -->
        <test-method signature="creatingSessionLoginIn()[pri:2, instance:tests.Authentication@58d75e99]" started-at="2021-09-03T01:06:13 COT" name="creatingSessionLoginIn" finished-at="2021-09-03T01:06:14 COT" duration-ms="345" status="PASS">
          <reporter-output>
          </reporter-output>
        </test-method> <!-- creatingSessionLoginIn -->
        <test-method signature="creatingSession()[pri:3, instance:tests.Authentication@58d75e99]" started-at="2021-09-03T01:06:14 COT" name="creatingSession" finished-at="2021-09-03T01:06:14 COT" duration-ms="211" status="PASS">
          <reporter-output>
          </reporter-output>
        </test-method> <!-- creatingSession -->
        <test-method signature="deletingExistingSession()[pri:4, instance:tests.Authentication@58d75e99]" started-at="2021-09-03T01:06:14 COT" name="deletingExistingSession" finished-at="2021-09-03T01:06:14 COT" duration-ms="257" status="PASS">
          <reporter-output>
          </reporter-output>
        </test-method> <!-- deletingExistingSession -->
      </class> <!-- tests.Authentication -->
      <class name="tests.Lists">
        <test-method is-config="true" signature="preparingCredentials()[pri:0, instance:tests.Lists@194bcebf]" started-at="2021-09-03T01:06:14 COT" name="preparingCredentials" finished-at="2021-09-03T01:06:14 COT" duration-ms="2" status="PASS">
          <reporter-output>
          </reporter-output>
        </test-method> <!-- preparingCredentials -->
        <test-method is-config="true" signature="setupLists()[pri:0, instance:tests.Lists@194bcebf]" started-at="2021-09-03T01:06:14 COT" name="setupLists" finished-at="2021-09-03T01:06:15 COT" depends-on-methods="utils.steps.Hooks.preparingCredentials" duration-ms="754" status="PASS">
          <reporter-output>
          </reporter-output>
        </test-method> <!-- setupLists -->
        <test-method signature="addingMovieToList()[pri:0, instance:tests.Lists@194bcebf]" started-at="2021-09-03T01:06:15 COT" name="addingMovieToList" finished-at="2021-09-03T01:06:15 COT" duration-ms="461" status="PASS">
          <reporter-output>
          </reporter-output>
        </test-method> <!-- addingMovieToList -->
        <test-method signature="clearingMoviesFromList()[pri:0, instance:tests.Lists@194bcebf]" started-at="2021-09-03T01:06:15 COT" name="clearingMoviesFromList" finished-at="2021-09-03T01:06:16 COT" duration-ms="201" status="PASS">
          <reporter-output>
          </reporter-output>
        </test-method> <!-- clearingMoviesFromList -->
        <test-method signature="creatingListOfMovies()[pri:0, instance:tests.Lists@194bcebf]" started-at="2021-09-03T01:06:16 COT" name="creatingListOfMovies" finished-at="2021-09-03T01:06:16 COT" duration-ms="326" status="PASS">
          <reporter-output>
          </reporter-output>
        </test-method> <!-- creatingListOfMovies -->
        <test-method signature="deletingListWithID()[pri:0, instance:tests.Lists@194bcebf]" started-at="2021-09-03T01:06:16 COT" name="deletingListWithID" finished-at="2021-09-03T01:06:16 COT" duration-ms="246" status="PASS">
          <reporter-output>
          </reporter-output>
        </test-method> <!-- deletingListWithID -->
        <test-method signature="obtainingListDetail()[pri:0, instance:tests.Lists@194bcebf]" started-at="2021-09-03T01:06:16 COT" name="obtainingListDetail" finished-at="2021-09-03T01:06:16 COT" duration-ms="198" status="PASS">
          <reporter-output>
          </reporter-output>
        </test-method> <!-- obtainingListDetail -->
      </class> <!-- tests.Lists -->
    </test> <!-- Regression -->
  </suite> <!-- The Movie DB -->
</testng-results>
